app/build/intermediates/manifest_merge_blame_file/debug/manifest-merger-blame-debug-report.txt
1<?xml version="1.0" encoding="utf-8"?>
2<manifest xmlns:android="http://schemas.android.com/apk/res/android"
3    package="com.example.smslistener"
4    android:versionCode="1"
5    android:versionName="1.0" >
6
7    <uses-sdk
8        android:minSdkVersion="14"
8-->src/main/AndroidManifest.xml
9        android:targetSdkVersion="28" />
9-->src/main/AndroidManifest.xml
10
11    <uses-permission android:name="android.permission.RECEIVE_SMS" >
11-->src/main/AndroidManifest.xml:35:5-36:23
11-->src/main/AndroidManifest.xml:35:22-67
12    </uses-permission>
13
14    <application
14-->src/main/AndroidManifest.xml:7:5-33:19
15        android:allowBackup="true"
15-->src/main/AndroidManifest.xml:8:9-35
16        android:appComponentFactory="android.support.v4.app.CoreComponentFactory"
16-->[com.android.support:support-compat:28.0.0] AndroidManifest.xml:22:18-91
17        android:debuggable="true"
18        android:icon="@drawable/mtn_logo"
18-->src/main/AndroidManifest.xml:9:9-42
19        android:label="@string/app_name"
19-->src/main/AndroidManifest.xml:10:9-41
20        android:testOnly="true"
21        android:theme="@style/AppTheme" >
21-->src/main/AndroidManifest.xml:11:9-40
22        <receiver android:name="za.co.mtn.ti.notifier.SMSReceiver" >
22-->src/main/AndroidManifest.xml:12:9-19:20
22-->src/main/AndroidManifest.xml:12:19-67
23            <intent-filter android:priority="10" >
23-->src/main/AndroidManifest.xml:13:13-18:29
23-->src/main/AndroidManifest.xml:13:28-49
24                <action android:name="android.intent.action.DATA_SMS_RECEIVED" />
24-->src/main/AndroidManifest.xml:14:17-82
24-->src/main/AndroidManifest.xml:14:25-79
25
26                <data android:scheme="sms" />
26-->src/main/AndroidManifest.xml:16:17-46
26-->src/main/AndroidManifest.xml:16:23-43
27                <data android:port="16001" />
27-->src/main/AndroidManifest.xml:16:17-46
27-->src/main/AndroidManifest.xml:17:23-43
28            </intent-filter>
29        </receiver>
30
31        <!--
32        activity
33            android:name="com.example.smslistener.NotificationActivity"
34            android:label="@string/title_activity_notification" >
35        </activity
36        -->
37        <activity
37-->src/main/AndroidManifest.xml:25:9-32:20
38            android:name="za.co.mtn.ti.notifier.MainActivity"
38-->src/main/AndroidManifest.xml:26:13-62
39            android:label="@string/title_activity_main" >
39-->src/main/AndroidManifest.xml:27:13-56
40            <intent-filter>
40-->src/main/AndroidManifest.xml:28:13-31:29
41                <action android:name="android.intent.action.MAIN" />
41-->src/main/AndroidManifest.xml:29:17-69
41-->src/main/AndroidManifest.xml:29:25-66
42
43                <category android:name="android.intent.category.LAUNCHER" />
43-->src/main/AndroidManifest.xml:30:17-77
43-->src/main/AndroidManifest.xml:30:27-74
44            </intent-filter>
45        </activity>
46    </application>
47
48</manifest>